Using pre-set license
Built from '2022.3/staging' branch; Version is '2022.3.13f1 (5f90a5ebde0f) revision 6262949'; Using compiler version '192829333'; Build Type 'Release'
OS: 'Windows 11  (10.0.22621) 64bit Professional' Language: 'tr' Physical Memory: 16220 MB
BatchMode: 1, IsHumanControllingUs: 0, StartBugReporterOnCrash: 0, Is64bit: 1, IsPro: 1

COMMAND LINE ARGUMENTS:
C:\Program Files\Unity\Hub\Editor\2022.3.13f1\Editor\Unity.exe
-adb2
-batchMode
-noUpm
-name
AssetImportWorker2
-projectPath
C:/Users/ahmts/Desktop/unity eÄŸitim/MILITARY ARM CLAW
-logFile
Logs/AssetImportWorker2.log
-srvPort
55342
Successfully changed project path to: C:/Users/ahmts/Desktop/unity eÄŸitim/MILITARY ARM CLAW
C:/Users/ahmts/Desktop/unity eÄŸitim/MILITARY ARM CLAW
[UnityMemory] Configuration Parameters - Can be set up in boot.config
    "memorysetup-bucket-allocator-granularity=16"
    "memorysetup-bucket-allocator-bucket-count=8"
    "memorysetup-bucket-allocator-block-size=33554432"
    "memorysetup-bucket-allocator-block-count=8"
    "memorysetup-main-allocator-block-size=16777216"
    "memorysetup-thread-allocator-block-size=16777216"
    "memorysetup-gfx-main-allocator-block-size=16777216"
    "memorysetup-gfx-thread-allocator-block-size=16777216"
    "memorysetup-cache-allocator-block-size=4194304"
    "memorysetup-typetree-allocator-block-size=2097152"
    "memorysetup-profiler-bucket-allocator-granularity=16"
    "memorysetup-profiler-bucket-allocator-bucket-count=8"
    "memorysetup-profiler-bucket-allocator-block-size=33554432"
    "memorysetup-profiler-bucket-allocator-block-count=8"
    "memorysetup-profiler-allocator-block-size=16777216"
    "memorysetup-profiler-editor-allocator-block-size=1048576"
    "memorysetup-temp-allocator-size-main=16777216"
    "memorysetup-job-temp-allocator-block-size=2097152"
    "memorysetup-job-temp-allocator-block-size-background=1048576"
    "memorysetup-job-temp-allocator-reduction-small-platforms=262144"
    "memorysetup-allocator-temp-initial-block-size-main=262144"
    "memorysetup-allocator-temp-initial-block-size-worker=262144"
    "memorysetup-temp-allocator-size-background-worker=32768"
    "memorysetup-temp-allocator-size-job-worker=262144"
    "memorysetup-temp-allocator-size-preload-manager=33554432"
    "memorysetup-temp-allocator-size-nav-mesh-worker=65536"
    "memorysetup-temp-allocator-size-audio-worker=65536"
    "memorysetup-temp-allocator-size-cloud-worker=32768"
    "memorysetup-temp-allocator-size-gi-baking-worker=262144"
    "memorysetup-temp-allocator-size-gfx=262144"
Player connection [25736] Host "[IP] 169.254.101.0 [Port] 0 [Flags] 2 [Guid] 528847066 [EditorId] 528847066 [Version] 1048832 [Id] WindowsEditor(7,Ahmet) [Debug] 1 [PackageName] WindowsEditor [ProjectName] Editor" joined multi-casting on [225.0.0.222:54997]...

Player connection [25736] Host "[IP] 169.254.101.0 [Port] 0 [Flags] 2 [Guid] 528847066 [EditorId] 528847066 [Version] 1048832 [Id] WindowsEditor(7,Ahmet) [Debug] 1 [PackageName] WindowsEditor [ProjectName] Editor" joined alternative multi-casting on [225.0.0.222:34997]...

[Physics::Module] Initialized MultithreadedJobDispatcher with 11 workers.
Refreshing native plugins compatible for Editor in 11.84 ms, found 3 plugins.
Preloading 0 native plugins for Editor in 0.00 ms.
Initialize engine version: 2022.3.13f1 (5f90a5ebde0f)
[Subsystems] Discovering subsystems at path C:/Program Files/Unity/Hub/Editor/2022.3.13f1/Editor/Data/Resources/UnitySubsystems
[Subsystems] Discovering subsystems at path C:/Users/ahmts/Desktop/unity eÄŸitim/MILITARY ARM CLAW/Assets
GfxDevice: creating device client; threaded=0; jobified=0
Direct3D:
    Version:  Direct3D 11.0 [level 11.1]
    Renderer: NVIDIA GeForce RTX 2060 (ID=0x1f15)
    Vendor:   NVIDIA
    VRAM:     5980 MB
    Driver:   27.21.14.5167
Shader 'WFX/Transparent Diffuse': fallback shader 'Particles/Alpha Blended' not found
Shader 'WFX/Transparent Specular': fallback shader 'Particles/Alpha Blended' not found
Initialize mono
Mono path[0] = 'C:/Program Files/Unity/Hub/Editor/2022.3.13f1/Editor/Data/Managed'
Mono path[1] = 'C:/Program Files/Unity/Hub/Editor/2022.3.13f1/Editor/Data/MonoBleedingEdge/lib/mono/unityjit-win32'
Mono config path = 'C:/Program Files/Unity/Hub/Editor/2022.3.13f1/Editor/Data/MonoBleedingEdge/etc'
Using monoOptions --debugger-agent=transport=dt_socket,embedding=1,server=y,suspend=n,address=127.0.0.1:56928
Begin MonoManager ReloadAssembly
Registering precompiled unity dll's ...
Register platform support module: C:/Program Files/Unity/Hub/Editor/2022.3.13f1/Editor/Data/PlaybackEngines/WebGLSupport/UnityEditor.WebGL.Extensions.dll
Register platform support module: C:/Program Files/Unity/Hub/Editor/2022.3.13f1/Editor/Data/PlaybackEngines/AndroidPlayer/UnityEditor.Android.Extensions.dll
Register platform support module: C:/Program Files/Unity/Hub/Editor/2022.3.13f1/Editor/Data/PlaybackEngines/iOSSupport/UnityEditor.iOS.Extensions.dll
Register platform support module: C:/Program Files/Unity/Hub/Editor/2022.3.13f1/Editor/Data/PlaybackEngines/WindowsStandaloneSupport/UnityEditor.WindowsStandalone.Extensions.dll
Registered in 0.008396 seconds.
- Loaded All Assemblies, in  0.360 seconds
Native extension for WindowsStandalone target not found
[usbmuxd] Start listen thread
[usbmuxd] Listen thread started
Native extension for iOS target not found
Native extension for Android target not found
Android Extension - Scanning For ADB Devices 234 ms
Native extension for WebGL target not found
Mono: successfully reloaded assembly
- Finished resetting the current domain, in  0.624 seconds
Domain Reload Profiling: 983ms
	BeginReloadAssembly (99ms)
		ExecutionOrderSort (0ms)
		DisableScriptedObjects (0ms)
		BackupInstance (0ms)
		ReleaseScriptingObjects (0ms)
		CreateAndSetChildDomain (1ms)
	RebuildCommonClasses (33ms)
	RebuildNativeTypeToScriptingClass (11ms)
	initialDomainReloadingComplete (55ms)
	LoadAllAssembliesAndSetupDomain (160ms)
		LoadAssemblies (98ms)
		RebuildTransferFunctionScriptingTraits (0ms)
		AnalyzeDomain (158ms)
			TypeCache.Refresh (157ms)
				TypeCache.ScanAssembly (141ms)
			ScanForSourceGeneratedMonoScriptInfo (0ms)
			ResolveRequiredComponents (0ms)
	FinalizeReload (625ms)
		ReleaseScriptCaches (0ms)
		RebuildScriptCaches (0ms)
		SetupLoadedEditorAssemblies (558ms)
			LogAssemblyErrors (0ms)
			InitializePlatformSupportModulesInManaged (363ms)
			SetLoadedEditorAssemblies (6ms)
			RefreshPlugins (0ms)
			BeforeProcessingInitializeOnLoad (3ms)
			ProcessInitializeOnLoadAttributes (132ms)
			ProcessInitializeOnLoadMethodAttributes (55ms)
			AfterProcessingInitializeOnLoad (0ms)
			EditorAssembliesLoaded (0ms)
		ExecutionOrderSort2 (0ms)
		AwakeInstancesAfterBackupRestoration (0ms)
========================================================================
Worker process is ready to serve import requests
Begin MonoManager ReloadAssembly
- Loaded All Assemblies, in  0.619 seconds
Refreshing native plugins compatible for Editor in 2.48 ms, found 3 plugins.
Native extension for WindowsStandalone target not found
Native extension for iOS target not found
Native extension for Android target not found
Native extension for WebGL target not found
Package Manager log level set to [2]
[Package Manager] Server::EnsureServerProcessIsRunning -- launch failed, reason: Unity was launched with the -noUpm command-line argument
[Package Manager] UpmClient::Send -- Unable to send message (not connected to UPM process).
[Package Manager] Cannot connect to Unity Package Manager local server
Mono: successfully reloaded assembly
- Finished resetting the current domain, in  0.725 seconds
Domain Reload Profiling: 1342ms
	BeginReloadAssembly (135ms)
		ExecutionOrderSort (0ms)
		DisableScriptedObjects (5ms)
		BackupInstance (0ms)
		ReleaseScriptingObjects (0ms)
		CreateAndSetChildDomain (20ms)
	RebuildCommonClasses (32ms)
	RebuildNativeTypeToScriptingClass (11ms)
	initialDomainReloadingComplete (38ms)
	LoadAllAssembliesAndSetupDomain (401ms)
		LoadAssemblies (287ms)
		RebuildTransferFunctionScriptingTraits (0ms)
		AnalyzeDomain (192ms)
			TypeCache.Refresh (167ms)
				TypeCache.ScanAssembly (151ms)
			ScanForSourceGeneratedMonoScriptInfo (16ms)
			ResolveRequiredComponents (8ms)
	FinalizeReload (726ms)
		ReleaseScriptCaches (0ms)
		RebuildScriptCaches (0ms)
		SetupLoadedEditorAssemblies (557ms)
			LogAssemblyErrors (0ms)
			InitializePlatformSupportModulesInManaged (34ms)
			SetLoadedEditorAssemblies (5ms)
			RefreshPlugins (0ms)
			BeforeProcessingInitializeOnLoad (63ms)
			ProcessInitializeOnLoadAttributes (430ms)
			ProcessInitializeOnLoadMethodAttributes (18ms)
			AfterProcessingInitializeOnLoad (6ms)
			EditorAssembliesLoaded (0ms)
		ExecutionOrderSort2 (0ms)
		AwakeInstancesAfterBackupRestoration (7ms)
Shader 'WFX/Transparent Diffuse': fallback shader 'Particles/Alpha Blended' not found
Shader 'WFX/Transparent Specular': fallback shader 'Particles/Alpha Blended' not found
Launched and connected shader compiler UnityShaderCompiler.exe after 0.05 seconds
Refreshing native plugins compatible for Editor in 2.71 ms, found 3 plugins.
Preloading 0 native plugins for Editor in 0.00 ms.
Unloading 3615 Unused Serialized files (Serialized files now loaded: 0)
Unloading 45 unused Assets / (130.4 KB). Loaded Objects now: 4097.
Memory consumption went from 173.4 MB to 173.3 MB.
Total: 3.378900 ms (FindLiveObjects: 0.259100 ms CreateObjectMapping: 0.253400 ms MarkObjects: 2.737700 ms  DeleteObjects: 0.127700 ms)

AssetImportParameters requested are different than current active one (requested -> active):
  custom:container-demuxer-ogg: 62fdf1f143b41e24485cea50d1cbac27 -> 
  custom:video-codec-MediaFoundation-h265: 746d11721c4dcdbdad8f713fa42b33f4 -> 
  custom:video-decoder-ogg-theora: a1e56fd34408186e4bbccfd4996cb3dc -> 
  custom:framework-win-MediaFoundation: 216162199b28c13a410421893ffa2e32 -> 
  custom:CustomObjectIndexerAttribute: 756ad292c208cfabdd7b50bc23989ffe -> 
  custom:container-demuxer-webm: 4f35f7cbe854078d1ac9338744f61a02 -> 
  custom:container-muxer-webm: aa71ff27fc2769a1b78a27578f13a17b -> 
  custom:video-decoder-webm-vp8: 9c59270c3fd7afecdb556c50c9e8de78 -> 
  custom:SearchIndexIgnoredProperties: e643bd26f0fe6173181afceb89e7c659 -> 
  custom:AudioImporter_EditorPlatform: d09bf68614088b80899f8185d706f6e7 -> 
  custom:video-encoder-webm-vp8: eb34c28f22e8b96e1ab97ce403110664 -> 
  custom:audio-decoder-ogg-vorbis: bf7c407c2cedff20999df2af8eb42d56 -> 
  custom:audio-encoder-webm-vorbis: bf7c407c2cedff20999df2af8eb42d56 -> 
========================================================================
Received Import Request.
  Time since last request: 68010.815163 seconds.
  path: Assets/Audio and Fonts/Fonts
  artifactKey: Guid(1ff0a980cb3521347b0113a6f4267f34) Importer(815301076,1909f56bfc062723c751e8b465ee728b)
Start importing Assets/Audio and Fonts/Fonts using Guid(1ff0a980cb3521347b0113a6f4267f34) Importer(815301076,1909f56bfc062723c751e8b465ee728b)  -> (artifact id: '95d48e40cb888747af46207e9f1c16e8') in 0.004468 seconds
Number of updated asset objects reloaded before import = 0
Number of asset objects unloaded after import = 0
========================================================================
Received Import Request.
  Time since last request: 261.119034 seconds.
  path: Assets/PBR_Military_Pack/PBR_Drone/Prefab/Dron.prefab
  artifactKey: Guid(9fe0927dffc50ed47aa67ce425d5dade) Importer(815301076,1909f56bfc062723c751e8b465ee728b)
Start importing Assets/PBR_Military_Pack/PBR_Drone/Prefab/Dron.prefab using Guid(9fe0927dffc50ed47aa67ce425d5dade) Importer(815301076,1909f56bfc062723c751e8b465ee728b)  -> (artifact id: '323f5b8d4d40d3cc3108202012925488') in 0.319166 seconds
Number of updated asset objects reloaded before import = 0
Number of asset objects unloaded after import = 94
========================================================================
Received Import Request.
  Time since last request: 11.311279 seconds.
  path: Assets/PBR_Military_Pack/PBR_Soldier_01/Prefabs/Body1.prefab
  artifactKey: Guid(34397f9cc3c69cd4ba1e1abf7e1ccbbb) Importer(815301076,1909f56bfc062723c751e8b465ee728b)
Start importing Assets/PBR_Military_Pack/PBR_Soldier_01/Prefabs/Body1.prefab using Guid(34397f9cc3c69cd4ba1e1abf7e1ccbbb) Importer(815301076,1909f56bfc062723c751e8b465ee728b)  -> (artifact id: '9d98d908526b664c10a6190ff56f30e4') in 0.373437 seconds
Number of updated asset objects reloaded before import = 0
Number of asset objects unloaded after import = 443
========================================================================
Received Import Request.
  Time since last request: 0.000027 seconds.
  path: Assets/PBR_Military_Pack/PBR_Soldier_01/Prefabs/Body4.prefab
  artifactKey: Guid(6d647e891c47dff439f6cbe6aa8e2014) Importer(815301076,1909f56bfc062723c751e8b465ee728b)
Start importing Assets/PBR_Military_Pack/PBR_Soldier_01/Prefabs/Body4.prefab using Guid(6d647e891c47dff439f6cbe6aa8e2014) Importer(815301076,1909f56bfc062723c751e8b465ee728b)  -> (artifact id: '053f57b275c81f70418d7e537cf6f098') in 0.183013 seconds
Number of updated asset objects reloaded before import = 0
Number of asset objects unloaded after import = 443
========================================================================
Received Import Request.
  Time since last request: 0.000072 seconds.
  path: Assets/PBR_Military_Pack/PBR_Soldier_01/Prefabs/Body5.prefab
  artifactKey: Guid(dba7f5e9b7287eb41888c1a8d1981f39) Importer(815301076,1909f56bfc062723c751e8b465ee728b)
Start importing Assets/PBR_Military_Pack/PBR_Soldier_01/Prefabs/Body5.prefab using Guid(dba7f5e9b7287eb41888c1a8d1981f39) Importer(815301076,1909f56bfc062723c751e8b465ee728b)  -> (artifact id: '15c1cdf21c3bac4f4c6674fafd7680d7') in 0.178662 seconds
Number of updated asset objects reloaded before import = 0
Number of asset objects unloaded after import = 443
========================================================================
Received Import Request.
  Time since last request: 135.822733 seconds.
  path: Assets/PBR_Military_Pack/PBR_Weapons/Knife
  artifactKey: Guid(908a9ab254b3ca544ab7047d76444dfe) Importer(815301076,1909f56bfc062723c751e8b465ee728b)
Start importing Assets/PBR_Military_Pack/PBR_Weapons/Knife using Guid(908a9ab254b3ca544ab7047d76444dfe) Importer(815301076,1909f56bfc062723c751e8b465ee728b)  -> (artifact id: 'e971977e43c986fce829e7e847738156') in 0.008870 seconds
Number of updated asset objects reloaded before import = 0
Number of asset objects unloaded after import = 0
========================================================================
Received Import Request.
  Time since last request: 0.970841 seconds.
  path: Assets/PBR_Military_Pack/PBR_Weapons/Knife/Prefab
  artifactKey: Guid(85193204c8c72af41bd8331865b2a4b9) Importer(815301076,1909f56bfc062723c751e8b465ee728b)
Start importing Assets/PBR_Military_Pack/PBR_Weapons/Knife/Prefab using Guid(85193204c8c72af41bd8331865b2a4b9) Importer(815301076,1909f56bfc062723c751e8b465ee728b)  -> (artifact id: '7f9d92b0d34c94d05218dccc1d072b26') in 0.001455 seconds
Number of updated asset objects reloaded before import = 0
Number of asset objects unloaded after import = 0
========================================================================
Received Import Request.
  Time since last request: 0.045233 seconds.
  path: Assets/PBR_Military_Pack/PBR_Weapons/Knife/Prefab/Knife.prefab
  artifactKey: Guid(ef4baa49e29809f4b8df9c399a9e5f49) Importer(815301076,1909f56bfc062723c751e8b465ee728b)
Start importing Assets/PBR_Military_Pack/PBR_Weapons/Knife/Prefab/Knife.prefab using Guid(ef4baa49e29809f4b8df9c399a9e5f49) Importer(815301076,1909f56bfc062723c751e8b465ee728b)  -> (artifact id: '2da4bf83f35471786b59ecb6f4a87a23') in 0.070344 seconds
Number of updated asset objects reloaded before import = 0
Number of asset objects unloaded after import = 16
========================================================================
Received Import Request.
  Time since last request: 50.638658 seconds.
  path: Assets/PBR_Military_Pack/PBR_Weapons/Automatic_Rifle
  artifactKey: Guid(802c06a966e8bc244bb2c9caa7890d18) Importer(815301076,1909f56bfc062723c751e8b465ee728b)
Start importing Assets/PBR_Military_Pack/PBR_Weapons/Automatic_Rifle using Guid(802c06a966e8bc244bb2c9caa7890d18) Importer(815301076,1909f56bfc062723c751e8b465ee728b)  -> (artifact id: '4e7de0e81f3d3382b1f731314ea5b1b7') in 0.009554 seconds
Number of updated asset objects reloaded before import = 0
Number of asset objects unloaded after import = 0
========================================================================
Received Import Request.
  Time since last request: 0.670179 seconds.
  path: Assets/PBR_Military_Pack/PBR_Weapons/Automatic_Rifle/Prefab
  artifactKey: Guid(7d7b29477c1b5f54ca9cc54c2d02e8c2) Importer(815301076,1909f56bfc062723c751e8b465ee728b)
Start importing Assets/PBR_Military_Pack/PBR_Weapons/Automatic_Rifle/Prefab using Guid(7d7b29477c1b5f54ca9cc54c2d02e8c2) Importer(815301076,1909f56bfc062723c751e8b465ee728b)  -> (artifact id: '5ab62221bfdaedca778ff997c9cf70b4') in 0.001428 seconds
Number of updated asset objects reloaded before import = 0
Number of asset objects unloaded after import = 0
========================================================================
Received Import Request.
  Time since last request: 0.040036 seconds.
  path: Assets/PBR_Military_Pack/PBR_Weapons/Automatic_Rifle/Prefab/Automatic_Rifle.prefab
  artifactKey: Guid(f6490e1fa54e0f246912b4ec28419dc2) Importer(815301076,1909f56bfc062723c751e8b465ee728b)
Start importing Assets/PBR_Military_Pack/PBR_Weapons/Automatic_Rifle/Prefab/Automatic_Rifle.prefab using Guid(f6490e1fa54e0f246912b4ec28419dc2) Importer(815301076,1909f56bfc062723c751e8b465ee728b)  -> (artifact id: '31e46f1e40b0db433873006e45ffaa55') in 0.228484 seconds
Number of updated asset objects reloaded before import = 0
Number of asset objects unloaded after import = 28
========================================================================
Received Import Request.
  Time since last request: 39.027867 seconds.
  path: Assets/PBR_Military_Pack/PBR_Weapons/First_Aid
  artifactKey: Guid(c2623e2827212434f834af80cc9787e4) Importer(815301076,1909f56bfc062723c751e8b465ee728b)
Start importing Assets/PBR_Military_Pack/PBR_Weapons/First_Aid using Guid(c2623e2827212434f834af80cc9787e4) Importer(815301076,1909f56bfc062723c751e8b465ee728b)  -> (artifact id: '3067b8d20b81c277961e19f298f51734') in 0.009463 seconds
Number of updated asset objects reloaded before import = 0
Number of asset objects unloaded after import = 0
========================================================================
Received Import Request.
  Time since last request: 0.704850 seconds.
  path: Assets/PBR_Military_Pack/PBR_Weapons/First_Aid/Prefabs
  artifactKey: Guid(4fbe7400a4f867e498983f3e8454f9d7) Importer(815301076,1909f56bfc062723c751e8b465ee728b)
Start importing Assets/PBR_Military_Pack/PBR_Weapons/First_Aid/Prefabs using Guid(4fbe7400a4f867e498983f3e8454f9d7) Importer(815301076,1909f56bfc062723c751e8b465ee728b)  -> (artifact id: '1e7f9e875b0275bf5b211400bedcbf4e') in 0.009013 seconds
Number of updated asset objects reloaded before import = 0
Number of asset objects unloaded after import = 0
========================================================================
Received Import Request.
  Time since last request: 0.024335 seconds.
  path: Assets/PBR_Military_Pack/PBR_Weapons/First_Aid/Prefabs/Ferst_aid.prefab
  artifactKey: Guid(2cf5054699d71e34394d89c495787564) Importer(815301076,1909f56bfc062723c751e8b465ee728b)
Start importing Assets/PBR_Military_Pack/PBR_Weapons/First_Aid/Prefabs/Ferst_aid.prefab using Guid(2cf5054699d71e34394d89c495787564) Importer(815301076,1909f56bfc062723c751e8b465ee728b)  -> (artifact id: 'e58712f2f70b7c1517cf72e916bd8bc6') in 0.067533 seconds
Number of updated asset objects reloaded before import = 0
Number of asset objects unloaded after import = 12
========================================================================
Received Import Request.
  Time since last request: 27.485363 seconds.
  path: Assets/PBR_Military_Pack/PBR_Weapons/Automatic_Gun
  artifactKey: Guid(7245916aa9b89aa4eaaf093cc2811185) Importer(815301076,1909f56bfc062723c751e8b465ee728b)
Start importing Assets/PBR_Military_Pack/PBR_Weapons/Automatic_Gun using Guid(7245916aa9b89aa4eaaf093cc2811185) Importer(815301076,1909f56bfc062723c751e8b465ee728b)  -> (artifact id: '086ec21154b53974bf7f4953686f30a8') in 0.001458 seconds
Number of updated asset objects reloaded before import = 0
Number of asset objects unloaded after import = 0
========================================================================
Received Import Request.
  Time since last request: 1.406890 seconds.
  path: Assets/PBR_Military_Pack/PBR_Weapons/Automatic_Gun/Prefab
  artifactKey: Guid(9f84e8f5e3d6fd74192e68f32866e554) Importer(815301076,1909f56bfc062723c751e8b465ee728b)
Start importing Assets/PBR_Military_Pack/PBR_Weapons/Automatic_Gun/Prefab using Guid(9f84e8f5e3d6fd74192e68f32866e554) Importer(815301076,1909f56bfc062723c751e8b465ee728b)  -> (artifact id: '5b374a576e2607ad29e405547242062d') in 0.001127 seconds
Number of updated asset objects reloaded before import = 0
Number of asset objects unloaded after import = 0
========================================================================
Received Import Request.
  Time since last request: 0.037761 seconds.
  path: Assets/PBR_Military_Pack/PBR_Weapons/Automatic_Gun/Prefab/Automatic_Gun.prefab
  artifactKey: Guid(8ffb342a3a323ab4cbed65c547c6b8bf) Importer(815301076,1909f56bfc062723c751e8b465ee728b)
Start importing Assets/PBR_Military_Pack/PBR_Weapons/Automatic_Gun/Prefab/Automatic_Gun.prefab using Guid(8ffb342a3a323ab4cbed65c547c6b8bf) Importer(815301076,1909f56bfc062723c751e8b465ee728b)  -> (artifact id: 'df1955c84a1d8a9e054b8f72f2c77728') in 0.069172 seconds
Number of updated asset objects reloaded before import = 0
Number of asset objects unloaded after import = 34
========================================================================
Received Import Request.
  Time since last request: 27.514546 seconds.
  path: Assets/PBR_Military_Pack/PBR_Weapons/Grenade-gun
  artifactKey: Guid(e1916d6a439a7b743a93e037f73f038b) Importer(815301076,1909f56bfc062723c751e8b465ee728b)
Start importing Assets/PBR_Military_Pack/PBR_Weapons/Grenade-gun using Guid(e1916d6a439a7b743a93e037f73f038b) Importer(815301076,1909f56bfc062723c751e8b465ee728b)  -> (artifact id: '7dc45b9a115d05d26ed4d09abfa7a5f7') in 0.001199 seconds
Number of updated asset objects reloaded before import = 0
Number of asset objects unloaded after import = 0
========================================================================
Received Import Request.
  Time since last request: 0.792842 seconds.
  path: Assets/PBR_Military_Pack/PBR_Weapons/Grenade-gun/Prefab
  artifactKey: Guid(dca90b16893e72545bd1c26fdc00faf1) Importer(815301076,1909f56bfc062723c751e8b465ee728b)
Start importing Assets/PBR_Military_Pack/PBR_Weapons/Grenade-gun/Prefab using Guid(dca90b16893e72545bd1c26fdc00faf1) Importer(815301076,1909f56bfc062723c751e8b465ee728b)  -> (artifact id: 'a974ea2f4c6c6f6be772289bf3e672e0') in 0.008928 seconds
Number of updated asset objects reloaded before import = 0
Number of asset objects unloaded after import = 0
========================================================================
Received Import Request.
  Time since last request: 0.044694 seconds.
  path: Assets/PBR_Military_Pack/PBR_Weapons/Grenade-gun/Prefab/Grenade-gun.prefab
  artifactKey: Guid(fba4ebf9aef9f2640a335a8ebe4a80bc) Importer(815301076,1909f56bfc062723c751e8b465ee728b)
Start importing Assets/PBR_Military_Pack/PBR_Weapons/Grenade-gun/Prefab/Grenade-gun.prefab using Guid(fba4ebf9aef9f2640a335a8ebe4a80bc) Importer(815301076,1909f56bfc062723c751e8b465ee728b)  -> (artifact id: '13c36a0a1626a21ac9145ca7e5544d3c') in 0.131247 seconds
Number of updated asset objects reloaded before import = 0
Number of asset objects unloaded after import = 35
========================================================================
Received Import Request.
  Time since last request: 19.665972 seconds.
  path: Assets/PBR_Military_Pack/PBR_Weapons/Shotgun
  artifactKey: Guid(a3c0024008de6774f9d9eb3d4179cc7d) Importer(815301076,1909f56bfc062723c751e8b465ee728b)
Start importing Assets/PBR_Military_Pack/PBR_Weapons/Shotgun using Guid(a3c0024008de6774f9d9eb3d4179cc7d) Importer(815301076,1909f56bfc062723c751e8b465ee728b)  -> (artifact id: 'a02e63fcdef66023a531e1f1dc15ba80') in 0.009493 seconds
Number of updated asset objects reloaded before import = 0
Number of asset objects unloaded after import = 0
========================================================================
Received Import Request.
  Time since last request: 0.766414 seconds.
  path: Assets/PBR_Military_Pack/PBR_Weapons/Shotgun/Prefab
  artifactKey: Guid(56c1f897e6e9d044f92c5f126bb445a5) Importer(815301076,1909f56bfc062723c751e8b465ee728b)
Start importing Assets/PBR_Military_Pack/PBR_Weapons/Shotgun/Prefab using Guid(56c1f897e6e9d044f92c5f126bb445a5) Importer(815301076,1909f56bfc062723c751e8b465ee728b)  -> (artifact id: 'c3c079937d9e0de01de0baad61cea7ef') in 0.001276 seconds
Number of updated asset objects reloaded before import = 0
Number of asset objects unloaded after import = 0
========================================================================
Received Import Request.
  Time since last request: 0.031880 seconds.
  path: Assets/PBR_Military_Pack/PBR_Weapons/Shotgun/Prefab/Shotgun.prefab
  artifactKey: Guid(70f679caeae5ff14aad029774a678d80) Importer(815301076,1909f56bfc062723c751e8b465ee728b)
Start importing Assets/PBR_Military_Pack/PBR_Weapons/Shotgun/Prefab/Shotgun.prefab using Guid(70f679caeae5ff14aad029774a678d80) Importer(815301076,1909f56bfc062723c751e8b465ee728b)  -> (artifact id: '1c77584ccbb8cb23f501a36a2ec81eb1') in 0.072599 seconds
Number of updated asset objects reloaded before import = 0
Number of asset objects unloaded after import = 24
========================================================================
Received Import Request.
  Time since last request: 20.081957 seconds.
  path: Assets/PBR_Military_Pack/PBR_Weapons/Sniper_rifle
  artifactKey: Guid(8e1fcaebf1ac4c0458bcb0e899c91f0a) Importer(815301076,1909f56bfc062723c751e8b465ee728b)
Start importing Assets/PBR_Military_Pack/PBR_Weapons/Sniper_rifle using Guid(8e1fcaebf1ac4c0458bcb0e899c91f0a) Importer(815301076,1909f56bfc062723c751e8b465ee728b)  -> (artifact id: 'e83efa80d004075c52beca597a091d92') in 0.001085 seconds
Number of updated asset objects reloaded before import = 0
Number of asset objects unloaded after import = 0
========================================================================
Received Import Request.
  Time since last request: 1.031911 seconds.
  path: Assets/PBR_Military_Pack/PBR_Weapons/Sniper_rifle/Prefab
  artifactKey: Guid(d570b5028a488c74ca2c69ef4259a9e2) Importer(815301076,1909f56bfc062723c751e8b465ee728b)
Start importing Assets/PBR_Military_Pack/PBR_Weapons/Sniper_rifle/Prefab using Guid(d570b5028a488c74ca2c69ef4259a9e2) Importer(815301076,1909f56bfc062723c751e8b465ee728b)  -> (artifact id: '47b0279266390295b206373bd9e02b55') in 0.001082 seconds
Number of updated asset objects reloaded before import = 0
Number of asset objects unloaded after import = 0
========================================================================
Received Import Request.
  Time since last request: 0.048087 seconds.
  path: Assets/PBR_Military_Pack/PBR_Weapons/Sniper_rifle/Prefab/Sniper_rifle.prefab
  artifactKey: Guid(aad66a23f696a394ab1c9db8e18181e5) Importer(815301076,1909f56bfc062723c751e8b465ee728b)
Start importing Assets/PBR_Military_Pack/PBR_Weapons/Sniper_rifle/Prefab/Sniper_rifle.prefab using Guid(aad66a23f696a394ab1c9db8e18181e5) Importer(815301076,1909f56bfc062723c751e8b465ee728b)  -> (artifact id: '1ddc5cfc00445d874d68300a88319af7') in 0.193130 seconds
Number of updated asset objects reloaded before import = 0
Number of asset objects unloaded after import = 12
========================================================================
Received Import Request.
  Time since last request: 40.576113 seconds.
  path: Assets/RPG_FPS_game_assets_industrial/Containers
  artifactKey: Guid(cd63de5b760df6248a9c2eb92b2552eb) Importer(815301076,1909f56bfc062723c751e8b465ee728b)
Start importing Assets/RPG_FPS_game_assets_industrial/Containers using Guid(cd63de5b760df6248a9c2eb92b2552eb) Importer(815301076,1909f56bfc062723c751e8b465ee728b)  -> (artifact id: 'c22ac5227968634241fe29f1f48e6124') in 0.000794 seconds
Number of updated asset objects reloaded before import = 0
Number of asset objects unloaded after import = 0
========================================================================
Received Import Request.
  Time since last request: 0.706450 seconds.
  path: Assets/RPG_FPS_game_assets_industrial/Containers/Cargo_container_v1
  artifactKey: Guid(39b83d874c3678840b01acb353418114) Importer(815301076,1909f56bfc062723c751e8b465ee728b)
Start importing Assets/RPG_FPS_game_assets_industrial/Containers/Cargo_container_v1 using Guid(39b83d874c3678840b01acb353418114) Importer(815301076,1909f56bfc062723c751e8b465ee728b)  -> (artifact id: '27bd8c912e3aac7942cf71c2ac1940d0') in 0.000591 seconds
Number of updated asset objects reloaded before import = 0
Number of asset objects unloaded after import = 0
========================================================================
Received Import Request.
  Time since last request: 0.552812 seconds.
  path: Assets/RPG_FPS_game_assets_industrial/Containers/Cargo_container_v1/Cargo_container_v1_LD1close.prefab
  artifactKey: Guid(84147b87204d0a0478bae9558d656ea2) Importer(815301076,1909f56bfc062723c751e8b465ee728b)
Start importing Assets/RPG_FPS_game_assets_industrial/Containers/Cargo_container_v1/Cargo_container_v1_LD1close.prefab using Guid(84147b87204d0a0478bae9558d656ea2) Importer(815301076,1909f56bfc062723c751e8b465ee728b)  -> (artifact id: '0ca68233743ae85f764a258a76808e69') in 0.037278 seconds
Number of updated asset objects reloaded before import = 0
Number of asset objects unloaded after import = 10
========================================================================
Received Import Request.
  Time since last request: 0.000020 seconds.
  path: Assets/RPG_FPS_game_assets_industrial/Containers/Cargo_container_v1/Cargo_container_v1_LD1open.prefab
  artifactKey: Guid(75e99e987b1c5aa48b7b9e465f768fa3) Importer(815301076,1909f56bfc062723c751e8b465ee728b)
Start importing Assets/RPG_FPS_game_assets_industrial/Containers/Cargo_container_v1/Cargo_container_v1_LD1open.prefab using Guid(75e99e987b1c5aa48b7b9e465f768fa3) Importer(815301076,1909f56bfc062723c751e8b465ee728b)  -> (artifact id: '0e07bf401b61781c893122d5fc046d09') in 0.018773 seconds
Number of updated asset objects reloaded before import = 0
Number of asset objects unloaded after import = 24
========================================================================
Received Import Request.
  Time since last request: 0.000018 seconds.
  path: Assets/RPG_FPS_game_assets_industrial/Containers/Cargo_container_v1/Cargo_container_v1_LD2through.prefab
  artifactKey: Guid(7efb7a11251ce1342b172668cbdc65c8) Importer(815301076,1909f56bfc062723c751e8b465ee728b)
Start importing Assets/RPG_FPS_game_assets_industrial/Containers/Cargo_container_v1/Cargo_container_v1_LD2through.prefab using Guid(7efb7a11251ce1342b172668cbdc65c8) Importer(815301076,1909f56bfc062723c751e8b465ee728b)  -> (artifact id: 'f93c07458a899f14d876ae13f7d9e9be') in 0.021459 seconds
Number of updated asset objects reloaded before import = 0
Number of asset objects unloaded after import = 10
========================================================================
Received Import Request.
  Time since last request: 0.000018 seconds.
  path: Assets/RPG_FPS_game_assets_industrial/Containers/Cargo_container_v1/Cargo_container_v1_LD2close.prefab
  artifactKey: Guid(58d97d456aead63499ac7d5316541f78) Importer(815301076,1909f56bfc062723c751e8b465ee728b)
Start importing Assets/RPG_FPS_game_assets_industrial/Containers/Cargo_container_v1/Cargo_container_v1_LD2close.prefab using Guid(58d97d456aead63499ac7d5316541f78) Importer(815301076,1909f56bfc062723c751e8b465ee728b)  -> (artifact id: '9a94458d893f43b7f5cf30e3cf04430f') in 0.022891 seconds
Number of updated asset objects reloaded before import = 0
Number of asset objects unloaded after import = 10
========================================================================
Received Import Request.
  Time since last request: 0.000048 seconds.
  path: Assets/RPG_FPS_game_assets_industrial/Containers/Cargo_container_v1/Cargo_container_v1_LD1through.prefab
  artifactKey: Guid(9615d776614809e4890301d5377aeb9f) Importer(815301076,1909f56bfc062723c751e8b465ee728b)
Start importing Assets/RPG_FPS_game_assets_industrial/Containers/Cargo_container_v1/Cargo_container_v1_LD1through.prefab using Guid(9615d776614809e4890301d5377aeb9f) Importer(815301076,1909f56bfc062723c751e8b465ee728b)  -> (artifact id: '5a50da5e800747fe42dc4b667b22f92a') in 0.020720 seconds
Number of updated asset objects reloaded before import = 0
Number of asset objects unloaded after import = 10
========================================================================
Received Import Request.
  Time since last request: 0.000025 seconds.
  path: Assets/RPG_FPS_game_assets_industrial/Containers/Cargo_container_v1/Cargo_container_v1_LD2open.prefab
  artifactKey: Guid(c2028b62d7877e04194d5001429cff6b) Importer(815301076,1909f56bfc062723c751e8b465ee728b)
Start importing Assets/RPG_FPS_game_assets_industrial/Containers/Cargo_container_v1/Cargo_container_v1_LD2open.prefab using Guid(c2028b62d7877e04194d5001429cff6b) Importer(815301076,1909f56bfc062723c751e8b465ee728b)  -> (artifact id: '180a045312744c257403dc770764faf9') in 0.020546 seconds
Number of updated asset objects reloaded before import = 0
Number of asset objects unloaded after import = 24
Editor requested this worker to shutdown with reason: Scaling down because of idle timeout
TcpMessagingSession - receive error: operation aborted. errorcode: 995, details: Bir iþ parçacýðý çýkýþý veya bir uygulama isteði nedeniyle G/Ç iþlemi iptal edildi.
AssetImportWorker is now disconnected from the server
Process exiting
Exiting without the bug reporter. Application will terminate with return code 0