Using pre-set license
Built from '2022.3/staging' branch; Version is '2022.3.13f1 (5f90a5ebde0f) revision 6262949'; Using compiler version '192829333'; Build Type 'Release'
OS: 'Windows 11  (10.0.22621) 64bit Professional' Language: 'tr' Physical Memory: 16220 MB
BatchMode: 1, IsHumanControllingUs: 0, StartBugReporterOnCrash: 0, Is64bit: 1, IsPro: 1

COMMAND LINE ARGUMENTS:
C:\Program Files\Unity\Hub\Editor\2022.3.13f1\Editor\Unity.exe
-adb2
-batchMode
-noUpm
-name
AssetImportWorker5
-projectPath
C:/Users/ahmts/Desktop/unity eÄŸitim/MILITARY ARM CLAW
-logFile
Logs/AssetImportWorker5.log
-srvPort
55342
Successfully changed project path to: C:/Users/ahmts/Desktop/unity eÄŸitim/MILITARY ARM CLAW
C:/Users/ahmts/Desktop/unity eÄŸitim/MILITARY ARM CLAW
[UnityMemory] Configuration Parameters - Can be set up in boot.config
    "memorysetup-bucket-allocator-granularity=16"
    "memorysetup-bucket-allocator-bucket-count=8"
    "memorysetup-bucket-allocator-block-size=33554432"
    "memorysetup-bucket-allocator-block-count=8"
    "memorysetup-main-allocator-block-size=16777216"
    "memorysetup-thread-allocator-block-size=16777216"
    "memorysetup-gfx-main-allocator-block-size=16777216"
    "memorysetup-gfx-thread-allocator-block-size=16777216"
    "memorysetup-cache-allocator-block-size=4194304"
    "memorysetup-typetree-allocator-block-size=2097152"
    "memorysetup-profiler-bucket-allocator-granularity=16"
    "memorysetup-profiler-bucket-allocator-bucket-count=8"
    "memorysetup-profiler-bucket-allocator-block-size=33554432"
    "memorysetup-profiler-bucket-allocator-block-count=8"
    "memorysetup-profiler-allocator-block-size=16777216"
    "memorysetup-profiler-editor-allocator-block-size=1048576"
    "memorysetup-temp-allocator-size-main=16777216"
    "memorysetup-job-temp-allocator-block-size=2097152"
    "memorysetup-job-temp-allocator-block-size-background=1048576"
    "memorysetup-job-temp-allocator-reduction-small-platforms=262144"
    "memorysetup-allocator-temp-initial-block-size-main=262144"
    "memorysetup-allocator-temp-initial-block-size-worker=262144"
    "memorysetup-temp-allocator-size-background-worker=32768"
    "memorysetup-temp-allocator-size-job-worker=262144"
    "memorysetup-temp-allocator-size-preload-manager=33554432"
    "memorysetup-temp-allocator-size-nav-mesh-worker=65536"
    "memorysetup-temp-allocator-size-audio-worker=65536"
    "memorysetup-temp-allocator-size-cloud-worker=32768"
    "memorysetup-temp-allocator-size-gi-baking-worker=262144"
    "memorysetup-temp-allocator-size-gfx=262144"
Player connection [27124] Host "[IP] 169.254.101.0 [Port] 0 [Flags] 2 [Guid] 2494999619 [EditorId] 2494999619 [Version] 1048832 [Id] WindowsEditor(7,Ahmet) [Debug] 1 [PackageName] WindowsEditor [ProjectName] Editor" joined multi-casting on [225.0.0.222:54997]...

Player connection [27124] Host "[IP] 169.254.101.0 [Port] 0 [Flags] 2 [Guid] 2494999619 [EditorId] 2494999619 [Version] 1048832 [Id] WindowsEditor(7,Ahmet) [Debug] 1 [PackageName] WindowsEditor [ProjectName] Editor" joined alternative multi-casting on [225.0.0.222:34997]...

[Physics::Module] Initialized MultithreadedJobDispatcher with 11 workers.
Refreshing native plugins compatible for Editor in 9.67 ms, found 3 plugins.
Preloading 0 native plugins for Editor in 0.00 ms.
Initialize engine version: 2022.3.13f1 (5f90a5ebde0f)
[Subsystems] Discovering subsystems at path C:/Program Files/Unity/Hub/Editor/2022.3.13f1/Editor/Data/Resources/UnitySubsystems
[Subsystems] Discovering subsystems at path C:/Users/ahmts/Desktop/unity eÄŸitim/MILITARY ARM CLAW/Assets
GfxDevice: creating device client; threaded=0; jobified=0
Direct3D:
    Version:  Direct3D 11.0 [level 11.1]
    Renderer: NVIDIA GeForce RTX 2060 (ID=0x1f15)
    Vendor:   NVIDIA
    VRAM:     5980 MB
    Driver:   27.21.14.5167
Shader 'WFX/Transparent Diffuse': fallback shader 'Particles/Alpha Blended' not found
Shader 'WFX/Transparent Specular': fallback shader 'Particles/Alpha Blended' not found
Initialize mono
Mono path[0] = 'C:/Program Files/Unity/Hub/Editor/2022.3.13f1/Editor/Data/Managed'
Mono path[1] = 'C:/Program Files/Unity/Hub/Editor/2022.3.13f1/Editor/Data/MonoBleedingEdge/lib/mono/unityjit-win32'
Mono config path = 'C:/Program Files/Unity/Hub/Editor/2022.3.13f1/Editor/Data/MonoBleedingEdge/etc'
Using monoOptions --debugger-agent=transport=dt_socket,embedding=1,server=y,suspend=n,address=127.0.0.1:56152
Begin MonoManager ReloadAssembly
Registering precompiled unity dll's ...
Register platform support module: C:/Program Files/Unity/Hub/Editor/2022.3.13f1/Editor/Data/PlaybackEngines/WebGLSupport/UnityEditor.WebGL.Extensions.dll
Register platform support module: C:/Program Files/Unity/Hub/Editor/2022.3.13f1/Editor/Data/PlaybackEngines/AndroidPlayer/UnityEditor.Android.Extensions.dll
Register platform support module: C:/Program Files/Unity/Hub/Editor/2022.3.13f1/Editor/Data/PlaybackEngines/iOSSupport/UnityEditor.iOS.Extensions.dll
Register platform support module: C:/Program Files/Unity/Hub/Editor/2022.3.13f1/Editor/Data/PlaybackEngines/WindowsStandaloneSupport/UnityEditor.WindowsStandalone.Extensions.dll
Registered in 0.018229 seconds.
- Loaded All Assemblies, in  0.634 seconds
Native extension for WindowsStandalone target not found
[usbmuxd] Start listen thread
[usbmuxd] Listen thread started
Native extension for iOS target not found
Native extension for Android target not found
Android Extension - Scanning For ADB Devices 249 ms
Native extension for WebGL target not found
Mono: successfully reloaded assembly
- Finished resetting the current domain, in  0.651 seconds
Domain Reload Profiling: 1282ms
	BeginReloadAssembly (180ms)
		ExecutionOrderSort (0ms)
		DisableScriptedObjects (0ms)
		BackupInstance (0ms)
		ReleaseScriptingObjects (0ms)
		CreateAndSetChildDomain (2ms)
	RebuildCommonClasses (65ms)
	RebuildNativeTypeToScriptingClass (19ms)
	initialDomainReloadingComplete (108ms)
	LoadAllAssembliesAndSetupDomain (259ms)
		LoadAssemblies (176ms)
		RebuildTransferFunctionScriptingTraits (0ms)
		AnalyzeDomain (256ms)
			TypeCache.Refresh (253ms)
				TypeCache.ScanAssembly (227ms)
			ScanForSourceGeneratedMonoScriptInfo (1ms)
			ResolveRequiredComponents (1ms)
	FinalizeReload (652ms)
		ReleaseScriptCaches (0ms)
		RebuildScriptCaches (0ms)
		SetupLoadedEditorAssemblies (557ms)
			LogAssemblyErrors (0ms)
			InitializePlatformSupportModulesInManaged (413ms)
			SetLoadedEditorAssemblies (4ms)
			RefreshPlugins (0ms)
			BeforeProcessingInitializeOnLoad (2ms)
			ProcessInitializeOnLoadAttributes (95ms)
			ProcessInitializeOnLoadMethodAttributes (43ms)
			AfterProcessingInitializeOnLoad (0ms)
			EditorAssembliesLoaded (0ms)
		ExecutionOrderSort2 (0ms)
		AwakeInstancesAfterBackupRestoration (0ms)
========================================================================
Worker process is ready to serve import requests
Begin MonoManager ReloadAssembly
- Loaded All Assemblies, in  0.612 seconds
Refreshing native plugins compatible for Editor in 2.60 ms, found 3 plugins.
Native extension for WindowsStandalone target not found
Native extension for iOS target not found
Native extension for Android target not found
Native extension for WebGL target not found
Package Manager log level set to [2]
[Package Manager] Server::EnsureServerProcessIsRunning -- launch failed, reason: Unity was launched with the -noUpm command-line argument
[Package Manager] UpmClient::Send -- Unable to send message (not connected to UPM process).
[Package Manager] Cannot connect to Unity Package Manager local server
Mono: successfully reloaded assembly
- Finished resetting the current domain, in  0.608 seconds
Domain Reload Profiling: 1219ms
	BeginReloadAssembly (134ms)
		ExecutionOrderSort (0ms)
		DisableScriptedObjects (5ms)
		BackupInstance (0ms)
		ReleaseScriptingObjects (0ms)
		CreateAndSetChildDomain (20ms)
	RebuildCommonClasses (31ms)
	RebuildNativeTypeToScriptingClass (11ms)
	initialDomainReloadingComplete (40ms)
	LoadAllAssembliesAndSetupDomain (394ms)
		LoadAssemblies (275ms)
		RebuildTransferFunctionScriptingTraits (0ms)
		AnalyzeDomain (195ms)
			TypeCache.Refresh (171ms)
				TypeCache.ScanAssembly (154ms)
			ScanForSourceGeneratedMonoScriptInfo (15ms)
			ResolveRequiredComponents (8ms)
	FinalizeReload (609ms)
		ReleaseScriptCaches (0ms)
		RebuildScriptCaches (0ms)
		SetupLoadedEditorAssemblies (443ms)
			LogAssemblyErrors (0ms)
			InitializePlatformSupportModulesInManaged (32ms)
			SetLoadedEditorAssemblies (5ms)
			RefreshPlugins (0ms)
			BeforeProcessingInitializeOnLoad (60ms)
			ProcessInitializeOnLoadAttributes (319ms)
			ProcessInitializeOnLoadMethodAttributes (21ms)
			AfterProcessingInitializeOnLoad (5ms)
			EditorAssembliesLoaded (0ms)
		ExecutionOrderSort2 (0ms)
		AwakeInstancesAfterBackupRestoration (7ms)
Shader 'WFX/Transparent Diffuse': fallback shader 'Particles/Alpha Blended' not found
Shader 'WFX/Transparent Specular': fallback shader 'Particles/Alpha Blended' not found
Launched and connected shader compiler UnityShaderCompiler.exe after 0.04 seconds
Refreshing native plugins compatible for Editor in 4.06 ms, found 3 plugins.
Preloading 0 native plugins for Editor in 0.00 ms.
Unloading 3615 Unused Serialized files (Serialized files now loaded: 0)
Unloading 45 unused Assets / (130.8 KB). Loaded Objects now: 4097.
Memory consumption went from 173.5 MB to 173.3 MB.
Total: 3.684700 ms (FindLiveObjects: 0.277100 ms CreateObjectMapping: 0.253900 ms MarkObjects: 2.993300 ms  DeleteObjects: 0.158900 ms)

AssetImportParameters requested are different than current active one (requested -> active):
  custom:container-demuxer-ogg: 62fdf1f143b41e24485cea50d1cbac27 -> 
  custom:video-codec-MediaFoundation-h265: 746d11721c4dcdbdad8f713fa42b33f4 -> 
  custom:video-decoder-ogg-theora: a1e56fd34408186e4bbccfd4996cb3dc -> 
  custom:framework-win-MediaFoundation: 216162199b28c13a410421893ffa2e32 -> 
  custom:CustomObjectIndexerAttribute: 756ad292c208cfabdd7b50bc23989ffe -> 
  custom:container-demuxer-webm: 4f35f7cbe854078d1ac9338744f61a02 -> 
  custom:container-muxer-webm: aa71ff27fc2769a1b78a27578f13a17b -> 
  custom:video-decoder-webm-vp8: 9c59270c3fd7afecdb556c50c9e8de78 -> 
  custom:SearchIndexIgnoredProperties: e643bd26f0fe6173181afceb89e7c659 -> 
  custom:AudioImporter_EditorPlatform: d09bf68614088b80899f8185d706f6e7 -> 
  custom:video-encoder-webm-vp8: eb34c28f22e8b96e1ab97ce403110664 -> 
  custom:audio-decoder-ogg-vorbis: bf7c407c2cedff20999df2af8eb42d56 -> 
  custom:audio-encoder-webm-vorbis: bf7c407c2cedff20999df2af8eb42d56 -> 
========================================================================
Received Import Request.
  Time since last request: 69607.573243 seconds.
  path: Assets/MBCP/Prefabs/Decals/AC_Decal_B.prefab
  artifactKey: Guid(4501824a06f1a6848ab115b90a539985) Importer(815301076,1909f56bfc062723c751e8b465ee728b)
Start importing Assets/MBCP/Prefabs/Decals/AC_Decal_B.prefab using Guid(4501824a06f1a6848ab115b90a539985) Importer(815301076,1909f56bfc062723c751e8b465ee728b)  -> (artifact id: '077c085a14b08884c7c75e69fadfef43') in 0.192182 seconds
Number of updated asset objects reloaded before import = 0
Number of asset objects unloaded after import = 12
========================================================================
Received Import Request.
  Time since last request: 0.000040 seconds.
  path: Assets/MBCP/Prefabs/Decals/Danger flammable gas.prefab
  artifactKey: Guid(6a2024d9906f19147bf6961179f44b39) Importer(815301076,1909f56bfc062723c751e8b465ee728b)
Start importing Assets/MBCP/Prefabs/Decals/Danger flammable gas.prefab using Guid(6a2024d9906f19147bf6961179f44b39) Importer(815301076,1909f56bfc062723c751e8b465ee728b)  -> (artifact id: '37e0174c02dd76eb7991eac95cc068fd') in 0.111011 seconds
Number of updated asset objects reloaded before import = 0
Number of asset objects unloaded after import = 12
========================================================================
Received Import Request.
  Time since last request: 0.000035 seconds.
  path: Assets/MBCP/Prefabs/Decals/Drain.prefab
  artifactKey: Guid(d1700329b5a29e74caccafb4e5d2ddf7) Importer(815301076,1909f56bfc062723c751e8b465ee728b)
Start importing Assets/MBCP/Prefabs/Decals/Drain.prefab using Guid(d1700329b5a29e74caccafb4e5d2ddf7) Importer(815301076,1909f56bfc062723c751e8b465ee728b)  -> (artifact id: '2302a0aa06c7fc37e0ef7cbccca75012') in 0.110810 seconds
Number of updated asset objects reloaded before import = 0
Number of asset objects unloaded after import = 12
========================================================================
Received Import Request.
  Time since last request: 0.000036 seconds.
  path: Assets/MBCP/Prefabs/Decals/no authorized access.prefab
  artifactKey: Guid(50a4d75e30c70d94eb1eaedce7a4a374) Importer(815301076,1909f56bfc062723c751e8b465ee728b)
Start importing Assets/MBCP/Prefabs/Decals/no authorized access.prefab using Guid(50a4d75e30c70d94eb1eaedce7a4a374) Importer(815301076,1909f56bfc062723c751e8b465ee728b)  -> (artifact id: '09cf51ccf882656f87e8bd0ee379ca53') in 0.103512 seconds
Number of updated asset objects reloaded before import = 0
Number of asset objects unloaded after import = 12
========================================================================
Received Import Request.
  Time since last request: 0.000038 seconds.
  path: Assets/MBCP/Prefabs/Decals/Stripes_A.prefab
  artifactKey: Guid(1cf4f560632d5ee4d81c8655cd6974da) Importer(815301076,1909f56bfc062723c751e8b465ee728b)
Start importing Assets/MBCP/Prefabs/Decals/Stripes_A.prefab using Guid(1cf4f560632d5ee4d81c8655cd6974da) Importer(815301076,1909f56bfc062723c751e8b465ee728b)  -> (artifact id: '19b477bdf27b42bfd8217b3f6f0a54b0') in 0.112097 seconds
Number of updated asset objects reloaded before import = 0
Number of asset objects unloaded after import = 12
========================================================================
Received Import Request.
  Time since last request: 0.000079 seconds.
  path: Assets/MBCP/Prefabs/Decals/Protective Mask.prefab
  artifactKey: Guid(2dd01d2e616ff7b47b68c5ae0766fecd) Importer(815301076,1909f56bfc062723c751e8b465ee728b)
Start importing Assets/MBCP/Prefabs/Decals/Protective Mask.prefab using Guid(2dd01d2e616ff7b47b68c5ae0766fecd) Importer(815301076,1909f56bfc062723c751e8b465ee728b)  -> (artifact id: '9d76b15ac978a1e4b17844313907e869') in 0.105166 seconds
Number of updated asset objects reloaded before import = 0
Number of asset objects unloaded after import = 13
========================================================================
Received Import Request.
  Time since last request: 0.000048 seconds.
  path: Assets/MBCP/Prefabs/Decals/Danger hazardous voltage.prefab
  artifactKey: Guid(bf3e2c39ff3ed794e93a40e0cb20d67c) Importer(815301076,1909f56bfc062723c751e8b465ee728b)
Start importing Assets/MBCP/Prefabs/Decals/Danger hazardous voltage.prefab using Guid(bf3e2c39ff3ed794e93a40e0cb20d67c) Importer(815301076,1909f56bfc062723c751e8b465ee728b)  -> (artifact id: 'fafe59032824d043e438cb5dcc62727e') in 0.094358 seconds
Number of updated asset objects reloaded before import = 0
Number of asset objects unloaded after import = 12
========================================================================
Received Import Request.
  Time since last request: 0.000033 seconds.
  path: Assets/MBCP/Prefabs/Decals/Stripes_B.prefab
  artifactKey: Guid(6656b2d2f1d05e049b8092cf6b5c3222) Importer(815301076,1909f56bfc062723c751e8b465ee728b)
Start importing Assets/MBCP/Prefabs/Decals/Stripes_B.prefab using Guid(6656b2d2f1d05e049b8092cf6b5c3222) Importer(815301076,1909f56bfc062723c751e8b465ee728b)  -> (artifact id: '72cb872874ea0ec2fae5f10fecc25301') in 0.099882 seconds
Number of updated asset objects reloaded before import = 0
Number of asset objects unloaded after import = 12
========================================================================
Received Import Request.
  Time since last request: 0.000029 seconds.
  path: Assets/MBCP/Prefabs/Decals/Stripes_Large.prefab
  artifactKey: Guid(6a6424e698f21d24284febbc7d950082) Importer(815301076,1909f56bfc062723c751e8b465ee728b)
Start importing Assets/MBCP/Prefabs/Decals/Stripes_Large.prefab using Guid(6a6424e698f21d24284febbc7d950082) Importer(815301076,1909f56bfc062723c751e8b465ee728b)  -> (artifact id: 'a85602dab42d802b221480438eca342a') in 0.098066 seconds
Number of updated asset objects reloaded before import = 0
Number of asset objects unloaded after import = 13
========================================================================
Received Import Request.
  Time since last request: 0.000022 seconds.
  path: Assets/MBCP/Prefabs/Decals/Fire Exit.prefab
  artifactKey: Guid(ae99a5b94c377204aa602c6d209e56e6) Importer(815301076,1909f56bfc062723c751e8b465ee728b)
Start importing Assets/MBCP/Prefabs/Decals/Fire Exit.prefab using Guid(ae99a5b94c377204aa602c6d209e56e6) Importer(815301076,1909f56bfc062723c751e8b465ee728b)  -> (artifact id: 'c1d87995ea4a61da0072ac8d73844e57') in 0.097780 seconds
Number of updated asset objects reloaded before import = 0
Number of asset objects unloaded after import = 12
Editor requested this worker to shutdown with reason: Scaling down because of idle timeout
TcpMessagingSession - receive error: operation aborted. errorcode: 995, details: Bir iþ parçacýðý çýkýþý veya bir uygulama isteði nedeniyle G/Ç iþlemi iptal edildi.
AssetImportWorker is now disconnected from the server
Process exiting
Exiting without the bug reporter. Application will terminate with return code 0