Using pre-set license
Built from '2022.3/staging' branch; Version is '2022.3.13f1 (5f90a5ebde0f) revision 6262949'; Using compiler version '192829333'; Build Type 'Release'
OS: 'Windows 11  (10.0.22621) 64bit Professional' Language: 'tr' Physical Memory: 16220 MB
BatchMode: 1, IsHumanControllingUs: 0, StartBugReporterOnCrash: 0, Is64bit: 1, IsPro: 1

COMMAND LINE ARGUMENTS:
C:\Program Files\Unity\Hub\Editor\2022.3.13f1\Editor\Unity.exe
-adb2
-batchMode
-noUpm
-name
AssetImportWorker4
-projectPath
C:/Users/ahmts/Desktop/unity eÄŸitim/MILITARY ARM CLAW
-logFile
Logs/AssetImportWorker4.log
-srvPort
55342
Successfully changed project path to: C:/Users/ahmts/Desktop/unity eÄŸitim/MILITARY ARM CLAW
C:/Users/ahmts/Desktop/unity eÄŸitim/MILITARY ARM CLAW
[UnityMemory] Configuration Parameters - Can be set up in boot.config
    "memorysetup-bucket-allocator-granularity=16"
    "memorysetup-bucket-allocator-bucket-count=8"
    "memorysetup-bucket-allocator-block-size=33554432"
    "memorysetup-bucket-allocator-block-count=8"
    "memorysetup-main-allocator-block-size=16777216"
    "memorysetup-thread-allocator-block-size=16777216"
    "memorysetup-gfx-main-allocator-block-size=16777216"
    "memorysetup-gfx-thread-allocator-block-size=16777216"
    "memorysetup-cache-allocator-block-size=4194304"
    "memorysetup-typetree-allocator-block-size=2097152"
    "memorysetup-profiler-bucket-allocator-granularity=16"
    "memorysetup-profiler-bucket-allocator-bucket-count=8"
    "memorysetup-profiler-bucket-allocator-block-size=33554432"
    "memorysetup-profiler-bucket-allocator-block-count=8"
    "memorysetup-profiler-allocator-block-size=16777216"
    "memorysetup-profiler-editor-allocator-block-size=1048576"
    "memorysetup-temp-allocator-size-main=16777216"
    "memorysetup-job-temp-allocator-block-size=2097152"
    "memorysetup-job-temp-allocator-block-size-background=1048576"
    "memorysetup-job-temp-allocator-reduction-small-platforms=262144"
    "memorysetup-allocator-temp-initial-block-size-main=262144"
    "memorysetup-allocator-temp-initial-block-size-worker=262144"
    "memorysetup-temp-allocator-size-background-worker=32768"
    "memorysetup-temp-allocator-size-job-worker=262144"
    "memorysetup-temp-allocator-size-preload-manager=33554432"
    "memorysetup-temp-allocator-size-nav-mesh-worker=65536"
    "memorysetup-temp-allocator-size-audio-worker=65536"
    "memorysetup-temp-allocator-size-cloud-worker=32768"
    "memorysetup-temp-allocator-size-gi-baking-worker=262144"
    "memorysetup-temp-allocator-size-gfx=262144"
Player connection [3908] Host "[IP] 169.254.101.0 [Port] 0 [Flags] 2 [Guid] 813336154 [EditorId] 813336154 [Version] 1048832 [Id] WindowsEditor(7,Ahmet) [Debug] 1 [PackageName] WindowsEditor [ProjectName] Editor" joined multi-casting on [225.0.0.222:54997]...

Player connection [3908] Host "[IP] 169.254.101.0 [Port] 0 [Flags] 2 [Guid] 813336154 [EditorId] 813336154 [Version] 1048832 [Id] WindowsEditor(7,Ahmet) [Debug] 1 [PackageName] WindowsEditor [ProjectName] Editor" joined alternative multi-casting on [225.0.0.222:34997]...

[Physics::Module] Initialized MultithreadedJobDispatcher with 11 workers.
Refreshing native plugins compatible for Editor in 19.97 ms, found 3 plugins.
Preloading 0 native plugins for Editor in 0.00 ms.
Initialize engine version: 2022.3.13f1 (5f90a5ebde0f)
[Subsystems] Discovering subsystems at path C:/Program Files/Unity/Hub/Editor/2022.3.13f1/Editor/Data/Resources/UnitySubsystems
[Subsystems] Discovering subsystems at path C:/Users/ahmts/Desktop/unity eÄŸitim/MILITARY ARM CLAW/Assets
GfxDevice: creating device client; threaded=0; jobified=0
Direct3D:
    Version:  Direct3D 11.0 [level 11.1]
    Renderer: NVIDIA GeForce RTX 2060 (ID=0x1f15)
    Vendor:   NVIDIA
    VRAM:     5980 MB
    Driver:   27.21.14.5167
Shader 'WFX/Transparent Diffuse': fallback shader 'Particles/Alpha Blended' not found
Shader 'WFX/Transparent Specular': fallback shader 'Particles/Alpha Blended' not found
Initialize mono
Mono path[0] = 'C:/Program Files/Unity/Hub/Editor/2022.3.13f1/Editor/Data/Managed'
Mono path[1] = 'C:/Program Files/Unity/Hub/Editor/2022.3.13f1/Editor/Data/MonoBleedingEdge/lib/mono/unityjit-win32'
Mono config path = 'C:/Program Files/Unity/Hub/Editor/2022.3.13f1/Editor/Data/MonoBleedingEdge/etc'
Using monoOptions --debugger-agent=transport=dt_socket,embedding=1,server=y,suspend=n,address=127.0.0.1:56088
Begin MonoManager ReloadAssembly
Registering precompiled unity dll's ...
Register platform support module: C:/Program Files/Unity/Hub/Editor/2022.3.13f1/Editor/Data/PlaybackEngines/WebGLSupport/UnityEditor.WebGL.Extensions.dll
Register platform support module: C:/Program Files/Unity/Hub/Editor/2022.3.13f1/Editor/Data/PlaybackEngines/AndroidPlayer/UnityEditor.Android.Extensions.dll
Register platform support module: C:/Program Files/Unity/Hub/Editor/2022.3.13f1/Editor/Data/PlaybackEngines/iOSSupport/UnityEditor.iOS.Extensions.dll
Register platform support module: C:/Program Files/Unity/Hub/Editor/2022.3.13f1/Editor/Data/PlaybackEngines/WindowsStandaloneSupport/UnityEditor.WindowsStandalone.Extensions.dll
Registered in 0.012338 seconds.
- Loaded All Assemblies, in  0.368 seconds
Native extension for WindowsStandalone target not found
[usbmuxd] Start listen thread
[usbmuxd] Listen thread started
Native extension for iOS target not found
Native extension for Android target not found
Android Extension - Scanning For ADB Devices 231 ms
Native extension for WebGL target not found
Mono: successfully reloaded assembly
- Finished resetting the current domain, in  0.585 seconds
Domain Reload Profiling: 952ms
	BeginReloadAssembly (120ms)
		ExecutionOrderSort (0ms)
		DisableScriptedObjects (0ms)
		BackupInstance (0ms)
		ReleaseScriptingObjects (0ms)
		CreateAndSetChildDomain (1ms)
	RebuildCommonClasses (31ms)
	RebuildNativeTypeToScriptingClass (10ms)
	initialDomainReloadingComplete (59ms)
	LoadAllAssembliesAndSetupDomain (147ms)
		LoadAssemblies (119ms)
		RebuildTransferFunctionScriptingTraits (0ms)
		AnalyzeDomain (145ms)
			TypeCache.Refresh (144ms)
				TypeCache.ScanAssembly (130ms)
			ScanForSourceGeneratedMonoScriptInfo (0ms)
			ResolveRequiredComponents (0ms)
	FinalizeReload (585ms)
		ReleaseScriptCaches (0ms)
		RebuildScriptCaches (0ms)
		SetupLoadedEditorAssemblies (526ms)
			LogAssemblyErrors (0ms)
			InitializePlatformSupportModulesInManaged (352ms)
			SetLoadedEditorAssemblies (4ms)
			RefreshPlugins (0ms)
			BeforeProcessingInitializeOnLoad (2ms)
			ProcessInitializeOnLoadAttributes (115ms)
			ProcessInitializeOnLoadMethodAttributes (54ms)
			AfterProcessingInitializeOnLoad (0ms)
			EditorAssembliesLoaded (0ms)
		ExecutionOrderSort2 (0ms)
		AwakeInstancesAfterBackupRestoration (0ms)
========================================================================
Worker process is ready to serve import requests
Begin MonoManager ReloadAssembly
- Loaded All Assemblies, in  0.869 seconds
Refreshing native plugins compatible for Editor in 2.95 ms, found 3 plugins.
Native extension for WindowsStandalone target not found
Native extension for iOS target not found
Native extension for Android target not found
Native extension for WebGL target not found
Package Manager log level set to [2]
[Package Manager] Server::EnsureServerProcessIsRunning -- launch failed, reason: Unity was launched with the -noUpm command-line argument
[Package Manager] UpmClient::Send -- Unable to send message (not connected to UPM process).
[Package Manager] Cannot connect to Unity Package Manager local server
Mono: successfully reloaded assembly
- Finished resetting the current domain, in  0.680 seconds
Domain Reload Profiling: 1547ms
	BeginReloadAssembly (207ms)
		ExecutionOrderSort (0ms)
		DisableScriptedObjects (9ms)
		BackupInstance (0ms)
		ReleaseScriptingObjects (0ms)
		CreateAndSetChildDomain (31ms)
	RebuildCommonClasses (55ms)
	RebuildNativeTypeToScriptingClass (15ms)
	initialDomainReloadingComplete (54ms)
	LoadAllAssembliesAndSetupDomain (535ms)
		LoadAssemblies (437ms)
		RebuildTransferFunctionScriptingTraits (0ms)
		AnalyzeDomain (213ms)
			TypeCache.Refresh (185ms)
				TypeCache.ScanAssembly (168ms)
			ScanForSourceGeneratedMonoScriptInfo (17ms)
			ResolveRequiredComponents (9ms)
	FinalizeReload (681ms)
		ReleaseScriptCaches (0ms)
		RebuildScriptCaches (0ms)
		SetupLoadedEditorAssemblies (518ms)
			LogAssemblyErrors (0ms)
			InitializePlatformSupportModulesInManaged (33ms)
			SetLoadedEditorAssemblies (5ms)
			RefreshPlugins (0ms)
			BeforeProcessingInitializeOnLoad (58ms)
			ProcessInitializeOnLoadAttributes (397ms)
			ProcessInitializeOnLoadMethodAttributes (20ms)
			AfterProcessingInitializeOnLoad (5ms)
			EditorAssembliesLoaded (0ms)
		ExecutionOrderSort2 (0ms)
		AwakeInstancesAfterBackupRestoration (7ms)
Shader 'WFX/Transparent Diffuse': fallback shader 'Particles/Alpha Blended' not found
Shader 'WFX/Transparent Specular': fallback shader 'Particles/Alpha Blended' not found
Launched and connected shader compiler UnityShaderCompiler.exe after 0.05 seconds
Refreshing native plugins compatible for Editor in 3.70 ms, found 3 plugins.
Preloading 0 native plugins for Editor in 0.00 ms.
Unloading 3615 Unused Serialized files (Serialized files now loaded: 0)
Unloading 45 unused Assets / (130.8 KB). Loaded Objects now: 4097.
Memory consumption went from 173.4 MB to 173.3 MB.
Total: 3.822500 ms (FindLiveObjects: 0.360000 ms CreateObjectMapping: 0.322700 ms MarkObjects: 3.012900 ms  DeleteObjects: 0.125900 ms)

AssetImportParameters requested are different than current active one (requested -> active):
  custom:container-demuxer-ogg: 62fdf1f143b41e24485cea50d1cbac27 -> 
  custom:video-codec-MediaFoundation-h265: 746d11721c4dcdbdad8f713fa42b33f4 -> 
  custom:video-decoder-ogg-theora: a1e56fd34408186e4bbccfd4996cb3dc -> 
  custom:framework-win-MediaFoundation: 216162199b28c13a410421893ffa2e32 -> 
  custom:CustomObjectIndexerAttribute: 756ad292c208cfabdd7b50bc23989ffe -> 
  custom:container-demuxer-webm: 4f35f7cbe854078d1ac9338744f61a02 -> 
  custom:container-muxer-webm: aa71ff27fc2769a1b78a27578f13a17b -> 
  custom:video-decoder-webm-vp8: 9c59270c3fd7afecdb556c50c9e8de78 -> 
  custom:SearchIndexIgnoredProperties: e643bd26f0fe6173181afceb89e7c659 -> 
  custom:AudioImporter_EditorPlatform: d09bf68614088b80899f8185d706f6e7 -> 
  custom:video-encoder-webm-vp8: eb34c28f22e8b96e1ab97ce403110664 -> 
  custom:audio-decoder-ogg-vorbis: bf7c407c2cedff20999df2af8eb42d56 -> 
  custom:audio-encoder-webm-vorbis: bf7c407c2cedff20999df2af8eb42d56 -> 
========================================================================
Received Import Request.
  Time since last request: 68708.096682 seconds.
  path: Assets/RPG_FPS_game_assets_industrial/Containers/Cargo_container_v1/Source
  artifactKey: Guid(28d1583161d025f44a005c9abbecdfc8) Importer(815301076,1909f56bfc062723c751e8b465ee728b)
Start importing Assets/RPG_FPS_game_assets_industrial/Containers/Cargo_container_v1/Source using Guid(28d1583161d025f44a005c9abbecdfc8) Importer(815301076,1909f56bfc062723c751e8b465ee728b)  -> (artifact id: 'b0e853af421046507807334cf1eccb97') in 0.003420 seconds
Number of updated asset objects reloaded before import = 0
Number of asset objects unloaded after import = 0
========================================================================
Received Import Request.
  Time since last request: 20.235865 seconds.
  path: Assets/MBCP/Prefabs/_Pre-assembled units/Infirmary.prefab
  artifactKey: Guid(84db40318ac45024d9fa7abc90cc760e) Importer(815301076,1909f56bfc062723c751e8b465ee728b)
Start importing Assets/MBCP/Prefabs/_Pre-assembled units/Infirmary.prefab using Guid(84db40318ac45024d9fa7abc90cc760e) Importer(815301076,1909f56bfc062723c751e8b465ee728b)  -> (artifact id: '37f01b4a6905973462b8e3e94d849c4a') in 1.027929 seconds
Number of updated asset objects reloaded before import = 0
Number of asset objects unloaded after import = 827
========================================================================
Received Import Request.
  Time since last request: 789.126462 seconds.
  path: Assets/MBCP/Prefabs/Pipes/AC_Pipe_A.prefab
  artifactKey: Guid(fab1d5f6747763b48977a901f84d9e7a) Importer(815301076,1909f56bfc062723c751e8b465ee728b)
Start importing Assets/MBCP/Prefabs/Pipes/AC_Pipe_A.prefab using Guid(fab1d5f6747763b48977a901f84d9e7a) Importer(815301076,1909f56bfc062723c751e8b465ee728b)  -> (artifact id: 'a2413afcbe9892e76c4a2403bac19f43') in 0.091316 seconds
Number of updated asset objects reloaded before import = 0
Number of asset objects unloaded after import = 13
========================================================================
Received Import Request.
  Time since last request: 0.000021 seconds.
  path: Assets/MBCP/Prefabs/Pipes/Pipe_A_1.prefab
  artifactKey: Guid(259e0883d8151ef42b1badc5e4ae3882) Importer(815301076,1909f56bfc062723c751e8b465ee728b)
Start importing Assets/MBCP/Prefabs/Pipes/Pipe_A_1.prefab using Guid(259e0883d8151ef42b1badc5e4ae3882) Importer(815301076,1909f56bfc062723c751e8b465ee728b)  -> (artifact id: 'a23613f97dd3c5adb43c30952825ba19') in 0.078532 seconds
Number of updated asset objects reloaded before import = 0
Number of asset objects unloaded after import = 13
========================================================================
Received Import Request.
  Time since last request: 0.000049 seconds.
  path: Assets/MBCP/Prefabs/Pipes/Pipe_A_2.prefab
  artifactKey: Guid(a79b05070d414ea46aed17fa7dce367b) Importer(815301076,1909f56bfc062723c751e8b465ee728b)
Start importing Assets/MBCP/Prefabs/Pipes/Pipe_A_2.prefab using Guid(a79b05070d414ea46aed17fa7dce367b) Importer(815301076,1909f56bfc062723c751e8b465ee728b)  -> (artifact id: '44cfc24b7b3c9503daf6e2d15a6efa7c') in 0.103956 seconds
Number of updated asset objects reloaded before import = 0
Number of asset objects unloaded after import = 13
========================================================================
Received Import Request.
  Time since last request: 0.000025 seconds.
  path: Assets/MBCP/Prefabs/Pipes/Pipe_B_2.prefab
  artifactKey: Guid(225f55231b058f94093f544107abc785) Importer(815301076,1909f56bfc062723c751e8b465ee728b)
Start importing Assets/MBCP/Prefabs/Pipes/Pipe_B_2.prefab using Guid(225f55231b058f94093f544107abc785) Importer(815301076,1909f56bfc062723c751e8b465ee728b)  -> (artifact id: '62d07502991edc07e3f136bac452711e') in 0.107947 seconds
Number of updated asset objects reloaded before import = 0
Number of asset objects unloaded after import = 13
========================================================================
Received Import Request.
  Time since last request: 0.000024 seconds.
  path: Assets/MBCP/Prefabs/Pipes/Pipe_Shower.prefab
  artifactKey: Guid(5aff56c713fb3c742a5fcfe87e7ae9de) Importer(815301076,1909f56bfc062723c751e8b465ee728b)
Start importing Assets/MBCP/Prefabs/Pipes/Pipe_Shower.prefab using Guid(5aff56c713fb3c742a5fcfe87e7ae9de) Importer(815301076,1909f56bfc062723c751e8b465ee728b)  -> (artifact id: 'a509630da2ffa333547530921113c14f') in 0.263391 seconds
Number of updated asset objects reloaded before import = 0
Number of asset objects unloaded after import = 24
========================================================================
Received Import Request.
  Time since last request: 0.000054 seconds.
  path: Assets/MBCP/Prefabs/Pipes/Pipe_C_1.prefab
  artifactKey: Guid(1123e0d8f4736e646ab2719b19531193) Importer(815301076,1909f56bfc062723c751e8b465ee728b)
Start importing Assets/MBCP/Prefabs/Pipes/Pipe_C_1.prefab using Guid(1123e0d8f4736e646ab2719b19531193) Importer(815301076,1909f56bfc062723c751e8b465ee728b)  -> (artifact id: 'a6f71473c5859d63f973cbc9d1a17286') in 0.096640 seconds
Number of updated asset objects reloaded before import = 0
Number of asset objects unloaded after import = 13
========================================================================
Received Import Request.
  Time since last request: 0.000047 seconds.
  path: Assets/MBCP/Prefabs/Pipes/Pipe_F.prefab
  artifactKey: Guid(ab6f667577520eb41ab96643fb5e6c84) Importer(815301076,1909f56bfc062723c751e8b465ee728b)
Start importing Assets/MBCP/Prefabs/Pipes/Pipe_F.prefab using Guid(ab6f667577520eb41ab96643fb5e6c84) Importer(815301076,1909f56bfc062723c751e8b465ee728b)  -> (artifact id: '21871b4548dec61cec95cf92b905169c') in 0.088657 seconds
Number of updated asset objects reloaded before import = 0
Number of asset objects unloaded after import = 13
========================================================================
Received Import Request.
  Time since last request: 0.000039 seconds.
  path: Assets/MBCP/Prefabs/Pipes/Pipe_B_3.prefab
  artifactKey: Guid(38467c7b3a11665479a0e3000c02044d) Importer(815301076,1909f56bfc062723c751e8b465ee728b)
Start importing Assets/MBCP/Prefabs/Pipes/Pipe_B_3.prefab using Guid(38467c7b3a11665479a0e3000c02044d) Importer(815301076,1909f56bfc062723c751e8b465ee728b)  -> (artifact id: 'b4e86a098fbfef75028bdfd5f4a33c11') in 0.096891 seconds
Number of updated asset objects reloaded before import = 0
Number of asset objects unloaded after import = 13
========================================================================
Received Import Request.
  Time since last request: 0.000068 seconds.
  path: Assets/MBCP/Prefabs/Pipes/Pipe_E_2.prefab
  artifactKey: Guid(d339b603d347dd64d851b2d82ce38008) Importer(815301076,1909f56bfc062723c751e8b465ee728b)
Start importing Assets/MBCP/Prefabs/Pipes/Pipe_E_2.prefab using Guid(d339b603d347dd64d851b2d82ce38008) Importer(815301076,1909f56bfc062723c751e8b465ee728b)  -> (artifact id: '6fce66d0ed1f2d114d18de33f747a5fb') in 0.102259 seconds
Number of updated asset objects reloaded before import = 0
Number of asset objects unloaded after import = 13
========================================================================
Received Import Request.
  Time since last request: 0.000060 seconds.
  path: Assets/MBCP/Prefabs/Pipes/Pipe_B_4.prefab
  artifactKey: Guid(f318925f0f5338643967c89f257d0632) Importer(815301076,1909f56bfc062723c751e8b465ee728b)
Start importing Assets/MBCP/Prefabs/Pipes/Pipe_B_4.prefab using Guid(f318925f0f5338643967c89f257d0632) Importer(815301076,1909f56bfc062723c751e8b465ee728b)  -> (artifact id: '500ea4d7625d1eafa76228977aa47f4c') in 0.099760 seconds
Number of updated asset objects reloaded before import = 0
Number of asset objects unloaded after import = 13
========================================================================
Received Import Request.
  Time since last request: 0.000084 seconds.
  path: Assets/MBCP/Prefabs/Pipes/Pipe_C_3.prefab
  artifactKey: Guid(ca12547ebffc75f4381a3e0abb308bd9) Importer(815301076,1909f56bfc062723c751e8b465ee728b)
Start importing Assets/MBCP/Prefabs/Pipes/Pipe_C_3.prefab using Guid(ca12547ebffc75f4381a3e0abb308bd9) Importer(815301076,1909f56bfc062723c751e8b465ee728b)  -> (artifact id: '225a4ce2e1dc1e59e751713c2ddf7bef') in 0.149927 seconds
Number of updated asset objects reloaded before import = 0
Number of asset objects unloaded after import = 18
========================================================================
Received Import Request.
  Time since last request: 0.000026 seconds.
  path: Assets/MBCP/Prefabs/Pipes/Pipe_A_Valve.prefab
  artifactKey: Guid(3fffd0de247b0f04a92fc4fffc5e1121) Importer(815301076,1909f56bfc062723c751e8b465ee728b)
Start importing Assets/MBCP/Prefabs/Pipes/Pipe_A_Valve.prefab using Guid(3fffd0de247b0f04a92fc4fffc5e1121) Importer(815301076,1909f56bfc062723c751e8b465ee728b)  -> (artifact id: '96f5a913cefbc3bbb38ea2686d9108a8') in 0.114018 seconds
Number of updated asset objects reloaded before import = 0
Number of asset objects unloaded after import = 13
Editor requested this worker to shutdown with reason: Scaling down because of idle timeout
TcpMessagingSession - receive error: operation aborted. errorcode: 995, details: Bir iþ parçacýðý çýkýþý veya bir uygulama isteði nedeniyle G/Ç iþlemi iptal edildi.
AssetImportWorker is now disconnected from the server
Process exiting
Exiting without the bug reporter. Application will terminate with return code 0